2025-06-18 05:14:33 - root - INFO - ==================================================
2025-06-18 05:14:33 - root - INFO - Telegram客户号码统计机器人启动中...
2025-06-18 05:14:33 - root - INFO - ==================================================
2025-06-18 05:14:33 - root - INFO - 配置验证通过
2025-06-18 05:14:33 - 数据库管理 - INFO - 数据库初始化完成
2025-06-18 05:14:34 - root - INFO - 命令处理器设置完成
2025-06-18 05:14:34 - root - INFO - 机器人初始化完成
2025-06-18 05:14:34 - root - INFO - 正在启动Telegram机器人...
2025-06-18 05:14:34 - root - INFO - 授权群组: 所有群组
2025-06-18 05:14:35 - httpx - INFO - HTTP Request: POST https://api.telegram.org/bot7951180702:AAFJVN7UonZIt1YkztuxUe4Hn0XUcWbvyj0/getMe "HTTP/1.1 200 OK"
2025-06-18 05:14:35 - httpx - INFO - HTTP Request: POST https://api.telegram.org/bot7951180702:AAFJVN7UonZIt1YkztuxUe4Hn0XUcWbvyj0/deleteWebhook "HTTP/1.1 200 OK"
2025-06-18 05:14:35 - telegram.ext.Application - INFO - Application started
2025-06-18 05:14:46 - httpx - INFO - HTTP Request: POST https://api.telegram.org/bot7951180702:AAFJVN7UonZIt1YkztuxUe4Hn0XUcWbvyj0/getUpdates "HTTP/1.1 200 OK"
2025-06-18 05:14:58 - httpx - INFO - HTTP Request: POST https://api.telegram.org/bot7951180702:AAFJVN7UonZIt1YkztuxUe4Hn0XUcWbvyj0/getUpdates "HTTP/1.1 200 OK"
2025-06-18 05:15:09 - httpx - INFO - HTTP Request: POST https://api.telegram.org/bot7951180702:AAFJVN7UonZIt1YkztuxUe4Hn0XUcWbvyj0/getUpdates "HTTP/1.1 200 OK"
2025-06-18 05:15:21 - httpx - INFO - HTTP Request: POST https://api.telegram.org/bot7951180702:AAFJVN7UonZIt1YkztuxUe4Hn0XUcWbvyj0/getUpdates "HTTP/1.1 200 OK"
2025-06-18 05:15:32 - httpx - INFO - HTTP Request: POST https://api.telegram.org/bot7951180702:AAFJVN7UonZIt1YkztuxUe4Hn0XUcWbvyj0/getUpdates "HTTP/1.1 200 OK"
2025-06-18 05:15:43 - httpx - INFO - HTTP Request: POST https://api.telegram.org/bot7951180702:AAFJVN7UonZIt1YkztuxUe4Hn0XUcWbvyj0/getUpdates "HTTP/1.1 200 OK"
2025-06-18 05:15:55 - httpx - INFO - HTTP Request: POST https://api.telegram.org/bot7951180702:AAFJVN7UonZIt1YkztuxUe4Hn0XUcWbvyj0/getUpdates "HTTP/1.1 200 OK"
2025-06-18 05:16:06 - httpx - INFO - HTTP Request: POST https://api.telegram.org/bot7951180702:AAFJVN7UonZIt1YkztuxUe4Hn0XUcWbvyj0/getUpdates "HTTP/1.1 200 OK"
2025-06-18 05:16:17 - httpx - INFO - HTTP Request: POST https://api.telegram.org/bot7951180702:AAFJVN7UonZIt1YkztuxUe4Hn0XUcWbvyj0/getUpdates "HTTP/1.1 200 OK"
2025-06-18 05:16:29 - httpx - INFO - HTTP Request: POST https://api.telegram.org/bot7951180702:AAFJVN7UonZIt1YkztuxUe4Hn0XUcWbvyj0/getUpdates "HTTP/1.1 200 OK"
2025-06-18 05:16:40 - httpx - INFO - HTTP Request: POST https://api.telegram.org/bot7951180702:AAFJVN7UonZIt1YkztuxUe4Hn0XUcWbvyj0/getUpdates "HTTP/1.1 200 OK"
