2025-06-18 04:55:56 - root - INFO - ==================================================
2025-06-18 04:55:56 - root - INFO - Telegram客户号码统计机器人启动中...
2025-06-18 04:55:56 - root - INFO - ==================================================
2025-06-18 04:55:56 - root - INFO - 配置验证通过
2025-06-18 04:55:56 - database - INFO - 数据库初始化完成
2025-06-18 04:55:57 - root - ERROR - 设置处理器失败: Command `查重报告` is not a valid bot command
2025-06-18 04:55:57 - root - ERROR - 机器人初始化失败: Command `查重报告` is not a valid bot command
2025-06-18 04:55:57 - root - ERROR - 启动机器人失败: Command `查重报告` is not a valid bot command
2025-06-18 04:55:57 - root - ERROR - 详细错误信息:
Traceback (most recent call last):
  File "C:\Users\Administrator\Desktop\tg统计机器人\bot.py", line 636, in main
    bot = TelegramPhoneBot()
          ^^^^^^^^^^^^^^^^^^
  File "C:\Users\Administrator\Desktop\tg统计机器人\bot.py", line 61, in __init__
    self._setup_handlers()
  File "C:\Users\Administrator\Desktop\tg统计机器人\bot.py", line 77, in _setup_handlers
    self.application.add_handler(CommandHandler(["统计", "汇总", "查重报告"], self.statistics_command))
                                 ^^^^^^^^^^^^^^^^^^^^^^^^^^^^^^^^^^^^^^^^^^^^^^^^^^^^^^^^^^^^^^^^^^^^^
  File "C:\Users\Administrator\AppData\Local\Programs\Python\Python312\Lib\site-packages\telegram\ext\_commandhandler.py", line 136, in __init__
    raise ValueError(f"Command `{comm}` is not a valid bot command")
ValueError: Command `查重报告` is not a valid bot command
2025-06-18 04:56:28 - root - INFO - ==================================================
2025-06-18 04:56:28 - root - INFO - Telegram客户号码统计机器人启动中...
2025-06-18 04:56:28 - root - INFO - ==================================================
2025-06-18 04:56:28 - root - INFO - 配置验证通过
2025-06-18 04:56:29 - database - INFO - 数据库初始化完成
2025-06-18 04:56:29 - root - ERROR - 设置处理器失败: Command `汇总` is not a valid bot command
2025-06-18 04:56:29 - root - ERROR - 机器人初始化失败: Command `汇总` is not a valid bot command
2025-06-18 04:56:29 - root - ERROR - 启动机器人失败: Command `汇总` is not a valid bot command
2025-06-18 04:56:29 - root - ERROR - 详细错误信息:
Traceback (most recent call last):
  File "C:\Users\Administrator\Desktop\tg统计机器人\bot.py", line 636, in main
    bot = TelegramPhoneBot()
          ^^^^^^^^^^^^^^^^^^
  File "C:\Users\Administrator\Desktop\tg统计机器人\bot.py", line 61, in __init__
    self._setup_handlers()
  File "C:\Users\Administrator\Desktop\tg统计机器人\bot.py", line 77, in _setup_handlers
    self.application.add_handler(CommandHandler(["统计", "汇总", "stats"], self.statistics_command))
                                 ^^^^^^^^^^^^^^^^^^^^^^^^^^^^^^^^^^^^^^^^^^^^^^^^^^^^^^^^^^^^^^^^^^
  File "C:\Users\Administrator\AppData\Local\Programs\Python\Python312\Lib\site-packages\telegram\ext\_commandhandler.py", line 136, in __init__
    raise ValueError(f"Command `{comm}` is not a valid bot command")
ValueError: Command `汇总` is not a valid bot command
2025-06-18 04:57:30 - root - INFO - ==================================================
2025-06-18 04:57:30 - root - INFO - Telegram客户号码统计机器人启动中...
2025-06-18 04:57:30 - root - INFO - ==================================================
2025-06-18 04:57:30 - root - INFO - 配置验证通过
2025-06-18 04:57:31 - database - INFO - 数据库初始化完成
2025-06-18 04:57:31 - root - INFO - 命令处理器设置完成
2025-06-18 04:57:31 - root - INFO - 机器人初始化完成
2025-06-18 04:57:31 - root - INFO - 正在启动Telegram机器人...
2025-06-18 04:57:31 - root - INFO - 授权群组: 所有群组
2025-06-18 04:57:34 - httpx - INFO - HTTP Request: POST https://api.telegram.org/bot8171157735:AAEdWiWIicEc0mZu2ahWzAbNcbZuAkHgliQ/getMe "HTTP/1.1 200 OK"
2025-06-18 04:57:34 - httpx - INFO - HTTP Request: POST https://api.telegram.org/bot8171157735:AAEdWiWIicEc0mZu2ahWzAbNcbZuAkHgliQ/deleteWebhook "HTTP/1.1 200 OK"
2025-06-18 04:57:34 - telegram.ext.Application - INFO - Application started
2025-06-18 04:57:39 - httpx - INFO - HTTP Request: POST https://api.telegram.org/bot8171157735:AAEdWiWIicEc0mZu2ahWzAbNcbZuAkHgliQ/getUpdates "HTTP/1.1 200 OK"
2025-06-18 04:57:42 - httpx - INFO - HTTP Request: POST https://api.telegram.org/bot8171157735:AAEdWiWIicEc0mZu2ahWzAbNcbZuAkHgliQ/getUpdates "HTTP/1.1 401 Unauthorized"
2025-06-18 04:57:42 - telegram.ext.Updater - ERROR - Invalid token; aborting
2025-06-18 04:59:36 - root - INFO - ==================================================
2025-06-18 04:59:36 - root - INFO - Telegram客户号码统计机器人启动中...
2025-06-18 04:59:36 - root - INFO - ==================================================
2025-06-18 04:59:36 - root - INFO - 配置验证通过
2025-06-18 04:59:36 - database - INFO - 数据库初始化完成
2025-06-18 04:59:37 - root - INFO - 命令处理器设置完成
2025-06-18 04:59:37 - root - INFO - 机器人初始化完成
2025-06-18 04:59:37 - root - INFO - 正在启动Telegram机器人...
2025-06-18 04:59:37 - root - INFO - 授权群组: 所有群组
2025-06-18 04:59:38 - httpx - INFO - HTTP Request: POST https://api.telegram.org/bot7951180702:AAFJVN7UonZIt1YkztuxUe4Hn0XUcWbvyj0/getMe "HTTP/1.1 200 OK"
2025-06-18 04:59:38 - httpx - INFO - HTTP Request: POST https://api.telegram.org/bot7951180702:AAFJVN7UonZIt1YkztuxUe4Hn0XUcWbvyj0/deleteWebhook "HTTP/1.1 200 OK"
2025-06-18 04:59:38 - telegram.ext.Application - INFO - Application started
2025-06-18 04:59:49 - httpx - INFO - HTTP Request: POST https://api.telegram.org/bot7951180702:AAFJVN7UonZIt1YkztuxUe4Hn0XUcWbvyj0/getUpdates "HTTP/1.1 200 OK"
2025-06-18 05:00:00 - httpx - INFO - HTTP Request: POST https://api.telegram.org/bot7951180702:AAFJVN7UonZIt1YkztuxUe4Hn0XUcWbvyj0/getUpdates "HTTP/1.1 200 OK"
2025-06-18 05:00:04 - httpx - INFO - HTTP Request: POST https://api.telegram.org/bot7951180702:AAFJVN7UonZIt1YkztuxUe4Hn0XUcWbvyj0/getUpdates "HTTP/1.1 200 OK"
2025-06-18 05:00:05 - httpx - INFO - HTTP Request: POST https://api.telegram.org/bot7951180702:AAFJVN7UonZIt1YkztuxUe4Hn0XUcWbvyj0/sendMessage "HTTP/1.1 200 OK"
2025-06-18 05:00:05 - root - INFO - 用户 5848470867 执行了 /start 命令
2025-06-18 05:00:16 - httpx - INFO - HTTP Request: POST https://api.telegram.org/bot7951180702:AAFJVN7UonZIt1YkztuxUe4Hn0XUcWbvyj0/getUpdates "HTTP/1.1 200 OK"
2025-06-18 05:00:27 - httpx - INFO - HTTP Request: POST https://api.telegram.org/bot7951180702:AAFJVN7UonZIt1YkztuxUe4Hn0XUcWbvyj0/getUpdates "HTTP/1.1 200 OK"
2025-06-18 05:00:33 - httpx - INFO - HTTP Request: POST https://api.telegram.org/bot7951180702:AAFJVN7UonZIt1YkztuxUe4Hn0XUcWbvyj0/getUpdates "HTTP/1.1 200 OK"
2025-06-18 05:00:33 - database - INFO - 添加号码记录: 85454214256, 用户: 小海 （资金来往需语音确认）, 重复: False
2025-06-18 05:00:34 - httpx - INFO - HTTP Request: POST https://api.telegram.org/bot7951180702:AAFJVN7UonZIt1YkztuxUe4Hn0XUcWbvyj0/sendMessage "HTTP/1.1 200 OK"
2025-06-18 05:00:34 - root - INFO - 号码新增: 85454214256, 用户: 小海 （资金来往需语音确认）(5848470867), 群组: 群组5848470867(5848470867)
2025-06-18 05:00:42 - httpx - INFO - HTTP Request: POST https://api.telegram.org/bot7951180702:AAFJVN7UonZIt1YkztuxUe4Hn0XUcWbvyj0/getUpdates "HTTP/1.1 200 OK"
2025-06-18 05:00:42 - database - INFO - 添加号码记录: 85454214256, 用户: 小海 （资金来往需语音确认）, 重复: True
2025-06-18 05:00:44 - httpx - INFO - HTTP Request: POST https://api.telegram.org/bot7951180702:AAFJVN7UonZIt1YkztuxUe4Hn0XUcWbvyj0/sendMessage "HTTP/1.1 200 OK"
2025-06-18 05:00:44 - root - INFO - 号码重复: 85454214256, 用户: 小海 （资金来往需语音确认）(5848470867), 群组: 群组5848470867(5848470867)
2025-06-18 05:00:53 - httpx - INFO - HTTP Request: POST https://api.telegram.org/bot7951180702:AAFJVN7UonZIt1YkztuxUe4Hn0XUcWbvyj0/getUpdates "HTTP/1.1 200 OK"
2025-06-18 05:00:59 - httpx - INFO - HTTP Request: POST https://api.telegram.org/bot7951180702:AAFJVN7UonZIt1YkztuxUe4Hn0XUcWbvyj0/getUpdates "HTTP/1.1 200 OK"
2025-06-18 05:00:59 - database - INFO - 添加号码记录: 85454214256, 用户: 小海 （资金来往需语音确认）, 重复: True
2025-06-18 05:01:01 - httpx - INFO - HTTP Request: POST https://api.telegram.org/bot7951180702:AAFJVN7UonZIt1YkztuxUe4Hn0XUcWbvyj0/sendMessage "HTTP/1.1 200 OK"
2025-06-18 05:01:01 - root - INFO - 号码重复: 85454214256, 用户: 小海 （资金来往需语音确认）(5848470867), 群组: 群组5848470867(5848470867)
2025-06-18 05:01:11 - httpx - INFO - HTTP Request: POST https://api.telegram.org/bot7951180702:AAFJVN7UonZIt1YkztuxUe4Hn0XUcWbvyj0/getUpdates "HTTP/1.1 200 OK"
2025-06-18 05:01:22 - httpx - INFO - HTTP Request: POST https://api.telegram.org/bot7951180702:AAFJVN7UonZIt1YkztuxUe4Hn0XUcWbvyj0/getUpdates "HTTP/1.1 200 OK"
2025-06-18 05:01:33 - httpx - INFO - HTTP Request: POST https://api.telegram.org/bot7951180702:AAFJVN7UonZIt1YkztuxUe4Hn0XUcWbvyj0/getUpdates "HTTP/1.1 200 OK"
2025-06-18 05:01:45 - httpx - INFO - HTTP Request: POST https://api.telegram.org/bot7951180702:AAFJVN7UonZIt1YkztuxUe4Hn0XUcWbvyj0/getUpdates "HTTP/1.1 200 OK"
2025-06-18 05:01:56 - httpx - INFO - HTTP Request: POST https://api.telegram.org/bot7951180702:AAFJVN7UonZIt1YkztuxUe4Hn0XUcWbvyj0/getUpdates "HTTP/1.1 200 OK"
2025-06-18 05:02:07 - httpx - INFO - HTTP Request: POST https://api.telegram.org/bot7951180702:AAFJVN7UonZIt1YkztuxUe4Hn0XUcWbvyj0/getUpdates "HTTP/1.1 200 OK"
2025-06-18 05:02:19 - httpx - INFO - HTTP Request: POST https://api.telegram.org/bot7951180702:AAFJVN7UonZIt1YkztuxUe4Hn0XUcWbvyj0/getUpdates "HTTP/1.1 200 OK"
2025-06-18 05:02:30 - httpx - INFO - HTTP Request: POST https://api.telegram.org/bot7951180702:AAFJVN7UonZIt1YkztuxUe4Hn0XUcWbvyj0/getUpdates "HTTP/1.1 200 OK"
2025-06-18 05:02:42 - httpx - INFO - HTTP Request: POST https://api.telegram.org/bot7951180702:AAFJVN7UonZIt1YkztuxUe4Hn0XUcWbvyj0/getUpdates "HTTP/1.1 200 OK"
2025-06-18 05:02:53 - httpx - INFO - HTTP Request: POST https://api.telegram.org/bot7951180702:AAFJVN7UonZIt1YkztuxUe4Hn0XUcWbvyj0/getUpdates "HTTP/1.1 200 OK"
2025-06-18 05:03:04 - httpx - INFO - HTTP Request: POST https://api.telegram.org/bot7951180702:AAFJVN7UonZIt1YkztuxUe4Hn0XUcWbvyj0/getUpdates "HTTP/1.1 200 OK"
2025-06-18 05:03:16 - httpx - INFO - HTTP Request: POST https://api.telegram.org/bot7951180702:AAFJVN7UonZIt1YkztuxUe4Hn0XUcWbvyj0/getUpdates "HTTP/1.1 200 OK"
2025-06-18 05:03:27 - httpx - INFO - HTTP Request: POST https://api.telegram.org/bot7951180702:AAFJVN7UonZIt1YkztuxUe4Hn0XUcWbvyj0/getUpdates "HTTP/1.1 200 OK"
2025-06-18 05:03:38 - httpx - INFO - HTTP Request: POST https://api.telegram.org/bot7951180702:AAFJVN7UonZIt1YkztuxUe4Hn0XUcWbvyj0/getUpdates "HTTP/1.1 200 OK"
2025-06-18 05:03:50 - httpx - INFO - HTTP Request: POST https://api.telegram.org/bot7951180702:AAFJVN7UonZIt1YkztuxUe4Hn0XUcWbvyj0/getUpdates "HTTP/1.1 200 OK"
2025-06-18 05:04:01 - httpx - INFO - HTTP Request: POST https://api.telegram.org/bot7951180702:AAFJVN7UonZIt1YkztuxUe4Hn0XUcWbvyj0/getUpdates "HTTP/1.1 200 OK"
2025-06-18 05:04:13 - httpx - INFO - HTTP Request: POST https://api.telegram.org/bot7951180702:AAFJVN7UonZIt1YkztuxUe4Hn0XUcWbvyj0/getUpdates "HTTP/1.1 200 OK"
2025-06-18 05:04:24 - httpx - INFO - HTTP Request: POST https://api.telegram.org/bot7951180702:AAFJVN7UonZIt1YkztuxUe4Hn0XUcWbvyj0/getUpdates "HTTP/1.1 200 OK"
2025-06-18 05:04:35 - httpx - INFO - HTTP Request: POST https://api.telegram.org/bot7951180702:AAFJVN7UonZIt1YkztuxUe4Hn0XUcWbvyj0/getUpdates "HTTP/1.1 200 OK"
2025-06-18 05:04:47 - httpx - INFO - HTTP Request: POST https://api.telegram.org/bot7951180702:AAFJVN7UonZIt1YkztuxUe4Hn0XUcWbvyj0/getUpdates "HTTP/1.1 200 OK"
2025-06-18 05:04:58 - httpx - INFO - HTTP Request: POST https://api.telegram.org/bot7951180702:AAFJVN7UonZIt1YkztuxUe4Hn0XUcWbvyj0/getUpdates "HTTP/1.1 200 OK"
2025-06-18 05:05:09 - httpx - INFO - HTTP Request: POST https://api.telegram.org/bot7951180702:AAFJVN7UonZIt1YkztuxUe4Hn0XUcWbvyj0/getUpdates "HTTP/1.1 200 OK"
2025-06-18 05:05:21 - httpx - INFO - HTTP Request: POST https://api.telegram.org/bot7951180702:AAFJVN7UonZIt1YkztuxUe4Hn0XUcWbvyj0/getUpdates "HTTP/1.1 200 OK"
2025-06-18 05:05:24 - httpx - INFO - HTTP Request: POST https://api.telegram.org/bot7951180702:AAFJVN7UonZIt1YkztuxUe4Hn0XUcWbvyj0/getUpdates "HTTP/1.1 200 OK"
2025-06-18 05:05:24 - database - INFO - 添加号码记录: 1234585272, 用户: 小海 （资金来往需语音确认）, 重复: False
2025-06-18 05:05:25 - httpx - INFO - HTTP Request: POST https://api.telegram.org/bot7951180702:AAFJVN7UonZIt1YkztuxUe4Hn0XUcWbvyj0/sendMessage "HTTP/1.1 200 OK"
2025-06-18 05:05:25 - root - INFO - 号码新增: 1234585272, 用户: 小海 （资金来往需语音确认）(5848470867), 群组: 群组5848470867(5848470867)
2025-06-18 05:05:35 - httpx - INFO - HTTP Request: POST https://api.telegram.org/bot7951180702:AAFJVN7UonZIt1YkztuxUe4Hn0XUcWbvyj0/getUpdates "HTTP/1.1 200 OK"
2025-06-18 05:05:47 - httpx - INFO - HTTP Request: POST https://api.telegram.org/bot7951180702:AAFJVN7UonZIt1YkztuxUe4Hn0XUcWbvyj0/getUpdates "HTTP/1.1 200 OK"
2025-06-18 05:05:58 - httpx - INFO - HTTP Request: POST https://api.telegram.org/bot7951180702:AAFJVN7UonZIt1YkztuxUe4Hn0XUcWbvyj0/getUpdates "HTTP/1.1 200 OK"
2025-06-18 05:06:09 - httpx - INFO - HTTP Request: POST https://api.telegram.org/bot7951180702:AAFJVN7UonZIt1YkztuxUe4Hn0XUcWbvyj0/getUpdates "HTTP/1.1 200 OK"
2025-06-18 05:06:21 - httpx - INFO - HTTP Request: POST https://api.telegram.org/bot7951180702:AAFJVN7UonZIt1YkztuxUe4Hn0XUcWbvyj0/getUpdates "HTTP/1.1 200 OK"
2025-06-18 05:06:32 - httpx - INFO - HTTP Request: POST https://api.telegram.org/bot7951180702:AAFJVN7UonZIt1YkztuxUe4Hn0XUcWbvyj0/getUpdates "HTTP/1.1 200 OK"
2025-06-18 05:06:43 - httpx - INFO - HTTP Request: POST https://api.telegram.org/bot7951180702:AAFJVN7UonZIt1YkztuxUe4Hn0XUcWbvyj0/getUpdates "HTTP/1.1 200 OK"
2025-06-18 05:06:55 - httpx - INFO - HTTP Request: POST https://api.telegram.org/bot7951180702:AAFJVN7UonZIt1YkztuxUe4Hn0XUcWbvyj0/getUpdates "HTTP/1.1 200 OK"
2025-06-18 05:07:06 - httpx - INFO - HTTP Request: POST https://api.telegram.org/bot7951180702:AAFJVN7UonZIt1YkztuxUe4Hn0XUcWbvyj0/getUpdates "HTTP/1.1 200 OK"
2025-06-18 05:07:18 - httpx - INFO - HTTP Request: POST https://api.telegram.org/bot7951180702:AAFJVN7UonZIt1YkztuxUe4Hn0XUcWbvyj0/getUpdates "HTTP/1.1 200 OK"
